#
# There is insufficient memory for the Java Runtime Environment to continue.
# Native memory allocation (mmap) failed to map 335544320 bytes for G1 virtual space
# Possible reasons:
#   The system is out of physical RAM or swap space
#   The process is running with CompressedOops enabled, and the Java Heap may be blocking the growth of the native heap
# Possible solutions:
#   Reduce memory load on the system
#   Increase physical memory or swap space
#   Check if swap backing store is full
#   Decrease Java heap size (-Xmx/-Xms)
#   Decrease number of Java threads
#   Decrease Java thread stack sizes (-Xss)
#   Set larger code cache with -XX:ReservedCodeCacheSize=
#   JVM is running with Zero Based Compressed Oops mode in which the Java heap is
#     placed in the first 32GB address space. The Java Heap base address is the
#     maximum limit for the native heap growth. Please use -XX:HeapBaseMinAddress
#     to set the Java Heap base and to place the Java Heap above 32GB virtual address.
# This output file may be truncated or incomplete.
#
#  Out of Memory Error (os_windows.cpp:3603), pid=19108, tid=20816
#
# JRE version:  (21.0.8+12) (build )
# Java VM: Java HotSpot(TM) 64-Bit Server VM (21.0.8+12-LTS-250, mixed mode, emulated-client, sharing, tiered, compressed oops, compressed class ptrs, g1 gc, windows-amd64)
# No core dump will be written. Minidumps are not enabled by default on client versions of Windows
#

---------------  S U M M A R Y ------------

Command Line: -XX:TieredStopAtLevel=1 -Dspring.output.ansi.enabled=always -Dcom.sun.management.jmxremote -Dspring.jmx.enabled=true -Dspring.liveBeansView.mbeanDomain -Dspring.application.admin.enabled=true -Dmanagement.endpoints.jmx.exposure.include=* -javaagent:D:\JetBrains\IntelliJIdea2025.2\lib\idea_rt.jar=61548 -Dfile.encoding=UTF-8 -Dsun.stdout.encoding=UTF-8 -Dsun.stderr.encoding=UTF-8 com.notificationservice.reciever.RecieverApplication

Host: 11th Gen Intel(R) Core(TM) i5-1135G7 @ 2.40GHz, 8 cores, 19G,  Windows 11 , 64 bit Build 26100 (10.0.26100.7019)
Time: Tue Jun 16 23:00:04 2026  Windows 11 , 64 bit Build 26100 (10.0.26100.7019) elapsed time: 0.030759 seconds (0d 0h 0m 0s)

---------------  T H R E A D  ---------------

Current thread (0x00000297de4adce0):  JavaThread "Unknown thread" [_thread_in_vm, id=20816, stack(0x0000009925700000,0x0000009925800000) (1024K)]

Stack: [0x0000009925700000,0x0000009925800000]
Native frames: (J=compiled Java code, j=interpreted, Vv=VM code, C=native code)
V  [jvm.dll+0x6cc179]
V  [jvm.dll+0x8584c1]
V  [jvm.dll+0x85a9ee]
V  [jvm.dll+0x85b0c3]
V  [jvm.dll+0x27ebf6]
V  [jvm.dll+0x6c88f5]
V  [jvm.dll+0x6bd45a]
V  [jvm.dll+0x354b1a]
V  [jvm.dll+0x35c796]
V  [jvm.dll+0x3af85e]
V  [jvm.dll+0x3afb08]
V  [jvm.dll+0x328e2c]
V  [jvm.dll+0x32998b]
V  [jvm.dll+0x821879]
V  [jvm.dll+0x3bc541]
V  [jvm.dll+0x80aaf8]
V  [jvm.dll+0x45172e]
V  [jvm.dll+0x453321]
C  [jli.dll+0x52a3]
C  [ucrtbase.dll+0x37b0]
C  [KERNEL32.DLL+0x2e8d7]
C  [ntdll.dll+0x8c53c]


---------------  P R O C E S S  ---------------

Threads class SMR info:
_java_thread_list=0x00007ff84fbafc48, length=0, elements={
}

Java Threads: ( => current thread )
Total: 0

Other Threads:
  0x00000297e0864f30 WorkerThread "GC Thread#0"                     [id=6148, stack(0x0000009925800000,0x0000009925900000) (1024K)]
  0x00000297e0870af0 ConcurrentGCThread "G1 Main Marker"            [id=23884, stack(0x0000009925900000,0x0000009925a00000) (1024K)]
  0x00000297e0871ca0 WorkerThread "G1 Conc#0"                       [id=16752, stack(0x0000009925a00000,0x0000009925b00000) (1024K)]

[error occurred during error reporting (printing all threads), id 0xc0000005, EXCEPTION_ACCESS_VIOLATION (0xc0000005) at pc=0x00007ff84f31b5b7]
VM state: not at safepoint (not fully initialized)

VM Mutex/Monitor currently owned by a thread:  ([mutex/lock_event])
[0x00007ff84fc20f50] Heap_lock - owner thread: 0x00000297de4adce0

Heap address: 0x00000006c3400000, size: 5068 MB, Compressed Oops mode: Zero based, Oop shift amount: 3

CDS archive(s) mapped at: [0x0000000000000000-0x0000000000000000-0x0000000000000000), size 0, SharedBaseAddress: 0x0000000800000000, ArchiveRelocationMode: 1.
Narrow klass base: 0x0000000000000000, Narrow klass shift: 0, Narrow klass range: 0x0

GC Precious Log:
 CardTable entry size: 512
 Card Set container configuration: InlinePtr #cards 4 size 8 Array Of Cards #cards 32 size 80 Howl #buckets 8 coarsen threshold 7372 Howl Bitmap #cards 1024 size 144 coarsen threshold 921 Card regions per heap region 1 cards per card region 8192

Heap:
 garbage-first heap   total 0K, used 0K [0x00000006c3400000, 0x0000000800000000)
  region size 4096K, 0 young (0K), 0 survivors (0K)

[error occurred during error reporting (printing heap information), id 0xc0000005, EXCEPTION_ACCESS_VIOLATION (0xc0000005) at pc=0x00007ff84f7051e9]
GC Heap History (0 events):
No events

Dll operation events (1 events):
Event: 0.022 Loaded shared library C:\Program Files\Java\jdk-21\bin\java.dll

Deoptimization events (0 events):
No events

Classes loaded (0 events):
No events

Classes unloaded (0 events):
No events

Classes redefined (0 events):
No events

Internal exceptions (0 events):
No events

ZGC Phase Switch (0 events):
No events

VM Operations (0 events):
No events

Events (0 events):
No events


Dynamic libraries:
0x00007ff600970000 - 0x00007ff600980000 	C:\Program Files\Java\jdk-21\bin\java.exe
0x00007ff8defa0000 - 0x00007ff8df208000 	C:\WINDOWS\SYSTEM32\ntdll.dll
0x00007ff8ddfc0000 - 0x00007ff8de089000 	C:\WINDOWS\System32\KERNEL32.DLL
0x00007ff8dc0f0000 - 0x00007ff8dc4e8000 	C:\WINDOWS\System32\KERNELBASE.dll
0x00007ff8dca90000 - 0x00007ff8dcbdb000 	C:\WINDOWS\System32\ucrtbase.dll
0x00007ff8d3d30000 - 0x00007ff8d3d49000 	C:\Program Files\Java\jdk-21\bin\jli.dll
0x00007ff8cb730000 - 0x00007ff8cb74b000 	C:\Program Files\Java\jdk-21\bin\VCRUNTIME140.dll
0x00007ff8dcd40000 - 0x00007ff8dcdf4000 	C:\WINDOWS\System32\ADVAPI32.dll
0x00007ff8dcf70000 - 0x00007ff8dd019000 	C:\WINDOWS\System32\msvcrt.dll
0x00007ff8de130000 - 0x00007ff8de1d6000 	C:\WINDOWS\System32\sechost.dll
0x00007ff8dd060000 - 0x00007ff8dd178000 	C:\WINDOWS\System32\RPCRT4.dll
0x00007ff8dd9d0000 - 0x00007ff8ddb97000 	C:\WINDOWS\System32\USER32.dll
0x00007ff8dcd10000 - 0x00007ff8dcd37000 	C:\WINDOWS\System32\win32u.dll
0x00007ff8debc0000 - 0x00007ff8debeb000 	C:\WINDOWS\System32\GDI32.dll
0x00007ff8dcbe0000 - 0x00007ff8dcd0c000 	C:\WINDOWS\System32\gdi32full.dll
0x00007ff8dc4f0000 - 0x00007ff8dc593000 	C:\WINDOWS\System32\msvcp_win.dll
0x00007ff8c4d40000 - 0x00007ff8c4fd4000 	C:\WINDOWS\WinSxS\amd64_microsoft.windows.common-controls_6595b64144ccf1df_6.0.26100.7019_none_3e06ffa0e335b8a8\COMCTL32.dll
0x00007ff8c8c50000 - 0x00007ff8c8c5b000 	C:\WINDOWS\SYSTEM32\VERSION.dll
0x00007ff8dd020000 - 0x00007ff8dd051000 	C:\WINDOWS\System32\IMM32.DLL
0x00007ff8d60f0000 - 0x00007ff8d60fc000 	C:\Program Files\Java\jdk-21\bin\vcruntime140_1.dll
0x00007ff8b5fd0000 - 0x00007ff8b605e000 	C:\Program Files\Java\jdk-21\bin\msvcp140.dll
0x00007ff84efe0000 - 0x00007ff84fcfd000 	C:\Program Files\Java\jdk-21\bin\server\jvm.dll
0x00007ff8ddca0000 - 0x00007ff8ddd14000 	C:\WINDOWS\System32\WS2_32.dll
0x00007ff8dbf50000 - 0x00007ff8dbfae000 	C:\WINDOWS\SYSTEM32\POWRPROF.dll
0x00007ff8c5cc0000 - 0x00007ff8c5cf5000 	C:\WINDOWS\SYSTEM32\WINMM.dll
0x00007ff8dbf30000 - 0x00007ff8dbf44000 	C:\WINDOWS\SYSTEM32\UMPDC.dll
0x00007ff8daeb0000 - 0x00007ff8daecb000 	C:\WINDOWS\SYSTEM32\kernel.appcore.dll
0x00007ff8d4100000 - 0x00007ff8d410a000 	C:\Program Files\Java\jdk-21\bin\jimage.dll
0x00007ff8d9610000 - 0x00007ff8d9852000 	C:\WINDOWS\SYSTEM32\DBGHELP.DLL
0x00007ff8de1e0000 - 0x00007ff8de56b000 	C:\WINDOWS\System32\combase.dll
0x00007ff8dd8f0000 - 0x00007ff8dd9c7000 	C:\WINDOWS\System32\OLEAUT32.dll
0x00007ff8b0810000 - 0x00007ff8b084c000 	C:\WINDOWS\SYSTEM32\dbgcore.DLL
0x00007ff8dc5a0000 - 0x00007ff8dc645000 	C:\WINDOWS\System32\bcryptPrimitives.dll
0x00007ff8cb940000 - 0x00007ff8cb94f000 	C:\Program Files\Java\jdk-21\bin\instrument.dll
0x00007ff8c4b50000 - 0x00007ff8c4b6f000 	C:\Program Files\Java\jdk-21\bin\java.dll

dbghelp: loaded successfully - version: 4.0.5 - missing functions: none
symbol engine: initialized successfully - sym options: 0x614 - pdb path: .;C:\Program Files\Java\jdk-21\bin;C:\WINDOWS\SYSTEM32;C:\WINDOWS\WinSxS\amd64_microsoft.windows.common-controls_6595b64144ccf1df_6.0.26100.7019_none_3e06ffa0e335b8a8;C:\Program Files\Java\jdk-21\bin\server

VM Arguments:
jvm_args: -XX:TieredStopAtLevel=1 -Dspring.output.ansi.enabled=always -Dcom.sun.management.jmxremote -Dspring.jmx.enabled=true -Dspring.liveBeansView.mbeanDomain -Dspring.application.admin.enabled=true -Dmanagement.endpoints.jmx.exposure.include=* -javaagent:D:\JetBrains\IntelliJIdea2025.2\lib\idea_rt.jar=61548 -Dfile.encoding=UTF-8 -Dsun.stdout.encoding=UTF-8 -Dsun.stderr.encoding=UTF-8 
java_command: com.notificationservice.reciever.RecieverApplication
java_class_path (initial): C:\Users\pmiku\IdeaProjects\reciever\target\classes;C:\Users\pmiku\.m2\repository\com\rabbitmq\amqp-client\5.31.0\amqp-client-5.31.0.jar;C:\Users\pmiku\.m2\repository\org\slf4j\slf4j-api\2.0.17\slf4j-api-2.0.17.jar;C:\Users\pmiku\.m2\repository\io\netty\netty-transport\4.1.131.Final\netty-transport-4.1.131.Final.jar;C:\Users\pmiku\.m2\repository\io\netty\netty-common\4.1.131.Final\netty-common-4.1.131.Final.jar;C:\Users\pmiku\.m2\repository\io\netty\netty-buffer\4.1.131.Final\netty-buffer-4.1.131.Final.jar;C:\Users\pmiku\.m2\repository\io\netty\netty-resolver\4.1.131.Final\netty-resolver-4.1.131.Final.jar;C:\Users\pmiku\.m2\repository\io\netty\netty-codec\4.1.131.Final\netty-codec-4.1.131.Final.jar;C:\Users\pmiku\.m2\repository\io\netty\netty-handler\4.1.131.Final\netty-handler-4.1.131.Final.jar;C:\Users\pmiku\.m2\repository\io\netty\netty-transport-native-unix-common\4.1.131.Final\netty-transport-native-unix-common-4.1.131.Final.jar;C:\Users\pmiku\.m2\repository\org\springframework\boot\spring-boot-starter-amqp\3.5.11\spring-boot-starter-amqp-3.5.11.jar;C:\Users\pmiku\.m2\repository\org\springframework\boot\spring-boot-starter\3.5.11\spring-boot-starter-3.5.11.jar;C:\Users\pmiku\.m2\repository\org\springframework\boot\spring-boot\3.5.11\spring-boot-3.5.11.jar;C:\Users\pmiku\.m2\repository\org\springframework\boot\spring-boot-autoconfigure\3.5.11\spring-boot-autoconfigure-3.5.11.jar;C:\Users\pmiku\.m2\repository\org\springframework\boot\spring-boot-starter-logging\3.5.11\spring-boot-starter-logging-3.5.11.jar;C:\Users\pmiku\.m2\repository\ch\qos\logback\logback-classic\1.5.32\logback-classic-1.5.32.jar;C:\Users\pmiku\.m2\repository\ch\qos\logback\logback-core\1.5.32\logback-core-1.5.32.jar;C:\Users\pmiku\.m2\repository\org\apache\logging\log4j\log4j-to-slf4j\2.24.3\log4j-to-slf4j-2.24.3.jar;C:\Users\pmiku\.m2\repository\org\apache\logging\log4j\log4j-api\2.24.3\log4j-api-2.24.3.jar;C:\Users\pmiku\.m2\repository\org\slf4j\jul-to-slf4j\2.0.17\jul-to-slf4j-2.0.17.jar;C:\Users\pmiku\.m2\repository\jakarta\annotation\jakarta.annotation-api\2.1.1\jakarta.annotation-api-2.1.1.jar;C:\Users\pmiku\.m2\repository\org\springframework\spring-core\6.2.16\spring-core-6.2.16.jar;C:\Users\pmiku\.m2\repository\org\springframework\spring-jcl\6.2.16\spring-jcl-6.2.16.jar;C:\Users\pmiku\.m2\repository\org\yaml\snakeyaml\2.4\snakeyaml-2.4.jar;C:\Users\pmiku\.m2\repository\org\springframework\spring-messaging\6.2.16\spring-messaging-6.2.16.jar;C:\Users\pmiku\.m2\repository\org\springframework\spring-beans\6.2.16\spring-beans-6.2.16.jar;C:\Users\pmiku\.m2\repository\org\springframework\amqp\spring-rabbit\3.2.9\spring-rabbit-3.2.9.jar;C:\Users\pmiku\.m2\repository\org\springframework\amqp\spring-amqp\3.2.9\spring-amqp-3.2.9.jar;C:\Users\pmiku\.m2\repository\org\springframework\retry\spring-retry\2.0.12\spring-retry-2.0.12.jar;C:\Users\pmiku\.m2\repository\org\springframework\spring-context\6.2.16\spring-context-6.2.16.jar;C:\Users\pmiku\.m2\repository\org\springframework\spring-expression\6.2.16\spring-expression-6.2.16.jar;C:\Users\pmiku\.m2\repository\org\springframework\spring-tx\6.2.16\spring-tx-6.2.16.jar;C:\Users\pmiku\.m2\repository\io\micrometer\micrometer-observation\1.15.9\micrometer-observation-1.15.9.jar;C:\Users\pmiku\.m2\repository\io\micrometer\micrometer-commons\1.15.9\micrometer-commons-1.15.9.jar;C:\Users\pmiku\.m2\repository\com\fasterxml\jackson\core\jackson-databind\2.19.4\jackson-databind-2.19.4.jar;C:\Users\pmiku\.m2\repository\com\fasterxml\jackson\core\jackson-annotations\2.19.4\jackson-annotations-2.19.4.jar;C:\Users\pmiku\.m2\repository\com\fasterxml\jackson\core\jackson-core\2.19.4\jackson-core-2.19.4.jar;C:\Users\pmiku\.m2\repository\org\projectlombok\lombok\1.18.42\lombok-1.18.42.jar;C:\Users\pmiku\.m2\repository\org\springframework\boot\spring-boot-starter-mail\3.5.11\spring-boot-starter-mail-3.5.11.jar;C:\Users\pmiku\.m2\repository\org\springframework\spring-context-support\6.2.16\spring-context-support-6.2.16.jar;C:\Users\pmiku\.m2\repository\org\eclipse\angus\jakarta.mail\2.0.5\jakarta.mail-2.0.5.jar;C:\Users\pmiku\.m2\repository\jakarta\activation\jakarta.activation-api\2.1.4\jakarta.activation-api-2.1.4.jar;C:\Users\pmiku\.m2\repository\org\eclipse\angus\angus-activation\2.0.3\angus-activation-2.0.3.jar;C:\Users\pmiku\.m2\repository\org\springframework\boot\spring-boot-starter-data-jpa\3.5.11\spring-boot-starter-data-jpa-3.5.11.jar;C:\Users\pmiku\.m2\repository\org\springframework\boot\spring-boot-starter-jdbc\3.5.11\spring-boot-starter-jdbc-3.5.11.jar;C:\Users\pmiku\.m2\repository\com\zaxxer\HikariCP\6.3.3\HikariCP-6.3.3.jar;C:\Users\pmiku\.m2\repository\org\springframework\spring-jdbc\6.2.16\spring-jdbc-6.2.16.jar;C:\Users\pmiku\.m2\repository\org\hibernate\orm\hibernate-core\6.6.42.Final\hibernate-core-6.6.42.Final.jar;C:\Users\pmiku\.m2\repository\jakarta\persistence\jakarta.persistence-api\3.1.0\jakarta.persistence-api-3.1.0.jar;C:\Users\pmiku\.m2\repository\jakarta\transaction\jakarta.transaction-api\2.0.1\jakarta.transaction-api-2.0.1.jar;C:\Users\pmiku\.m2\repository\org\jboss\logging\jboss-logging\3.6.2.Final\jboss-logging-3.6.2.Final.jar;C:\Users\pmiku\.m2\repository\org\hibernate\common\hibernate-commons-annotations\7.0.3.Final\hibernate-commons-annotations-7.0.3.Final.jar;C:\Users\pmiku\.m2\repository\io\smallrye\jandex\3.2.0\jandex-3.2.0.jar;C:\Users\pmiku\.m2\repository\com\fasterxml\classmate\1.7.3\classmate-1.7.3.jar;C:\Users\pmiku\.m2\repository\net\bytebuddy\byte-buddy\1.17.8\byte-buddy-1.17.8.jar;C:\Users\pmiku\.m2\repository\jakarta\xml\bind\jakarta.xml.bind-api\4.0.4\jakarta.xml.bind-api-4.0.4.jar;C:\Users\pmiku\.m2\repository\org\glassfish\jaxb\jaxb-runtime\4.0.6\jaxb-runtime-4.0.6.jar;C:\Users\pmiku\.m2\repository\org\glassfish\jaxb\jaxb-core\4.0.6\jaxb-core-4.0.6.jar;C:\Users\pmiku\.m2\repository\org\glassfish\jaxb\txw2\4.0.6\txw2-4.0.6.jar;C:\Users\pmiku\.m2\repository\com\sun\istack\istack-commons-runtime\4.1.2\istack-commons-runtime-4.1.2.jar;C:\Users\pmiku\.m2\repository\jakarta\inject\jakarta.inject-api\2.0.1\jakarta.inject-api-2.0.1.jar;C:\Users\pmiku\.m2\repository\org\antlr\antlr4-runtime\4.13.0\antlr4-runtime-4.13.0.jar;C:\Users\pmiku\.m2\repository\org\springframework\data\spring-data-jpa\3.5.9\spring-data-jpa-3.5.9.jar;C:\Users\pmiku\.m2\repository\org\springframework\data\spring-data-commons\3.5.9\spring-data-commons-3.5.9.jar;C:\Users\pmiku\.m2\repository\org\springframework\spring-orm\6.2.16\spring-orm-6.2.16.jar;C:\Users\pmiku\.m2\repository\org\springframework\spring-aop\6.2.16\spring-aop-6.2.16.jar;C:\Users\pmiku\.m2\repository\org\springframework\spring-aspects\6.2.16\spring-aspects-6.2.16.jar;C:\Users\pmiku\.m2\repository\org\aspectj\aspectjweaver\1.9.25.1\aspectjweaver-1.9.25.1.jar;C:\Users\pmiku\.m2\repository\org\postgresql\postgresql\42.7.10\postgresql-42.7.10.jar;C:\Users\pmiku\.m2\repository\org\checkerframework\checker-qual\3.52.0\checker-qual-3.52.0.jar
Launcher Type: SUN_STANDARD

[Global flags]
     intx CICompilerCount                          = 4                                         {product} {ergonomic}
     uint ConcGCThreads                            = 2                                         {product} {ergonomic}
     uint G1ConcRefinementThreads                  = 8                                         {product} {ergonomic}
   size_t G1HeapRegionSize                         = 4194304                                   {product} {ergonomic}
    uintx GCDrainStackTargetSize                   = 64                                        {product} {ergonomic}
   size_t InitialHeapSize                          = 335544320                                 {product} {ergonomic}
     bool ManagementServer                         = true                                      {product} {command line}
   size_t MarkStackSize                            = 4194304                                   {product} {ergonomic}
   size_t MaxHeapSize                              = 5314183168                                {product} {ergonomic}
   size_t MinHeapDeltaBytes                        = 4194304                                   {product} {ergonomic}
   size_t MinHeapSize                              = 8388608                                   {product} {ergonomic}
    uintx NonNMethodCodeHeapSize                   = 4096                                   {pd product} {ergonomic}
    uintx NonProfiledCodeHeapSize                  = 0                                      {pd product} {ergonomic}
     bool ProfileInterpreter                       = false                                  {pd product} {command line}
    uintx ProfiledCodeHeapSize                     = 0                                      {pd product} {ergonomic}
   size_t SoftMaxHeapSize                          = 5314183168                             {manageable} {ergonomic}
     intx TieredStopAtLevel                        = 1                                         {product} {command line}
     bool UseCompressedOops                        = true                           {product lp64_product} {ergonomic}
     bool UseG1GC                                  = true                                      {product} {ergonomic}
     bool UseLargePagesIndividualAllocation        = false                                  {pd product} {ergonomic}

Logging:
Log output configuration:
 #0: stdout all=warning uptime,level,tags foldmultilines=false
 #1: stderr all=off uptime,level,tags foldmultilines=false

Environment Variables:
PATH=C:\WinAVR-20090313\bin;C:\WinAVR-20090313\utils\bin;C:\Program Files\Common Files\Oracle\Java\javapath;C:\WINDOWS\system32;C:\WINDOWS;C:\WINDOWS\System32\Wbem;C:\WINDOWS\System32\WindowsPowerShell\v1.0\;C:\WINDOWS\System32\OpenSSH\;C:\Program Files\Git\cmd;D:\matlab\runtime\win64;D:\matlab\bin;D:\abema\runtime\win64;D:\abema\bin;D:\abema\polyspace\bin;D:\matlabckik\runtime\win64;D:\matlabckik\bin;D:\matlabckik\polyspace\bin;C:\Program Files\Docker\Docker\resources\bin;C:\Users\pmiku\AppData\Local\Programs\Python\Python311\Scripts\;C:\Users\pmiku\AppData\Local\Programs\Python\Python311\;C:\Users\pmiku\AppData\Local\Microsoft\WindowsApps;;D:\IntelliJ IDEA Community Edition 2025.1.3\bin;;C:\Users\pmiku\AppData\Local\Programs\Microsoft VS Code\bin
USERNAME=pmiku
OS=Windows_NT
PROCESSOR_IDENTIFIER=Intel64 Family 6 Model 140 Stepping 1, GenuineIntel
TMP=C:\Users\pmiku\AppData\Local\Temp
TEMP=C:\Users\pmiku\AppData\Local\Temp




Periodic native trim disabled

---------------  S Y S T E M  ---------------

OS:
 Windows 11 , 64 bit Build 26100 (10.0.26100.7019)
OS uptime: 0 days 8:46 hours
Hyper-V role detected

CPU: total 8 (initial active 8) (4 cores per cpu, 2 threads per core) family 6 model 140 stepping 1 microcode 0x8a, cx8, cmov, fxsr, ht, mmx, 3dnowpref, sse, sse2, sse3, ssse3, sse4.1, sse4.2, popcnt, lzcnt, tsc, tscinvbit, avx, avx2, aes, erms, clmul, bmi1, bmi2, adx, avx512f, avx512dq, avx512cd, avx512bw, avx512vl, sha, fma, vzeroupper, avx512_vpopcntdq, avx512_vpclmulqdq, avx512_vaes, avx512_vnni, clflush, clflushopt, clwb, avx512_vbmi2, avx512_vbmi, hv, rdtscp, rdpid, fsrm, gfni, avx512_bitalg, f16c, cet_ibt, cet_ss, avx512_ifma
Processor Information for all 8 processors :
  Max Mhz: 2419, Current Mhz: 2419, Mhz Limit: 2419

Memory: 4k page, system-wide physical 20259M (1839M free)
TotalPageFile size 27045M (AvailPageFile size 143M)
current process WorkingSet (physical memory assigned to process): 12M, peak: 12M
current process commit charge ("private bytes"): 55M, peak: 375M

vm_info: Java HotSpot(TM) 64-Bit Server VM (21.0.8+12-LTS-250) for windows-amd64 JRE (21.0.8+12-LTS-250), built on 2025-06-27T08:11:22Z by "mach5one" with MS VC++ 17.6 (VS2022)

END.
